<?xml version="1.0" encoding="UTF-8"?>
<!-- Generated by org.testng.reporters.JUnitXMLReporter -->
<testsuite ignored="0" hostname="DESKTOP-TL9ALR0" failures="0" tests="4" name="Default test" time="28.604" errors="0" timestamp="2024-01-02T22:37:31 IST">
  <testcase classname="api.test.UserTest" name="test_PostUser" time="14.886"/>
  <testcase classname="api.test.UserTest" name="test_GettUser" time="2.167"/>
  <testcase classname="api.test.UserTest" name="test_UpdateUser" time="3.053"/>
  <testcase classname="api.test.UserTest" name="delete_User" time="1.453"/>
</testsuite> <!-- Default test -->
