<?xml version="1.0" encoding="UTF-8"?>
<!-- Generated by org.testng.reporters.JUnitXMLReporter -->
<testsuite ignored="0" hostname="DESKTOP-TL9ALR0" failures="0" tests="4" name="Test" time="14.558" errors="0" timestamp="2024-01-03T13:14:56 IST">
  <testcase classname="api.test.UserTest_PropFile" name="test_PostUser" time="5.854"/>
  <testcase classname="api.test.UserTest_PropFile" name="test_GettUser" time="1.638"/>
  <testcase classname="api.test.UserTest_PropFile" name="test_UpdateUser" time="2.809"/>
  <testcase classname="api.test.UserTest_PropFile" name="delete_User" time="1.421"/>
</testsuite> <!-- Test -->
