<?xml version="1.0" encoding="UTF-8"?>
<!-- Generated by org.testng.reporters.JUnitXMLReporter -->
<testsuite ignored="0" hostname="DESKTOP-TL9ALR0" failures="0" tests="4" name="Test" time="13.357" errors="0" timestamp="2024-01-03T13:02:33 IST">
  <testcase classname="api.test.UserTest_PropFile" name="test_PostUser" time="3.949"/>
  <testcase classname="api.test.UserTest_PropFile" name="test_GettUser" time="1.632"/>
  <testcase classname="api.test.UserTest_PropFile" name="test_UpdateUser" time="2.912"/>
  <testcase classname="api.test.UserTest_PropFile" name="delete_User" time="1.425"/>
</testsuite> <!-- Test -->
