<?xml version="1.0" encoding="UTF-8"?>
<testng-results ignored="0" total="4" passed="4" failed="0" skipped="0">
  <reporter-output>
  </reporter-output>
  <suite started-at="2024-01-03T13:14:41 IST" name="Suite" finished-at="2024-01-03T13:14:55 IST" duration-ms="14558">
    <groups>
    </groups>
    <test started-at="2024-01-03T13:14:41 IST" name="Test" finished-at="2024-01-03T13:14:55 IST" duration-ms="14558">
      <class name="api.test.UserTest_PropFile">
        <test-method is-config="true" signature="setupData()[pri:0, instance:api.test.UserTest_PropFile@5d534f5d]" started-at="2024-01-03T13:14:41 IST" name="setupData" finished-at="2024-01-03T13:14:43 IST" duration-ms="2231" status="PASS">
          <reporter-output>
          </reporter-output>
        </test-method> <!-- setupData -->
        <test-method signature="test_PostUser()[pri:1, instance:api.test.UserTest_PropFile@5d534f5d]" started-at="2024-01-03T13:14:43 IST" name="test_PostUser" finished-at="2024-01-03T13:14:49 IST" duration-ms="5854" status="PASS">
          <reporter-output>
          </reporter-output>
        </test-method> <!-- test_PostUser -->
        <test-method signature="test_GettUser()[pri:2, instance:api.test.UserTest_PropFile@5d534f5d]" started-at="2024-01-03T13:14:49 IST" name="test_GettUser" finished-at="2024-01-03T13:14:51 IST" duration-ms="1638" status="PASS">
          <reporter-output>
          </reporter-output>
        </test-method> <!-- test_GettUser -->
        <test-method signature="test_UpdateUser()[pri:3, instance:api.test.UserTest_PropFile@5d534f5d]" started-at="2024-01-03T13:14:51 IST" name="test_UpdateUser" finished-at="2024-01-03T13:14:54 IST" duration-ms="2809" status="PASS">
          <reporter-output>
          </reporter-output>
        </test-method> <!-- test_UpdateUser -->
        <test-method signature="delete_User()[pri:4, instance:api.test.UserTest_PropFile@5d534f5d]" started-at="2024-01-03T13:14:54 IST" name="delete_User" finished-at="2024-01-03T13:14:55 IST" duration-ms="1421" status="PASS">
          <reporter-output>
          </reporter-output>
        </test-method> <!-- delete_User -->
      </class> <!-- api.test.UserTest_PropFile -->
    </test> <!-- Test -->
  </suite> <!-- Suite -->
</testng-results>
